<?xml version="1.0" encoding="UTF-8"?>
<!-- Generated by org.testng.reporters.JUnitReportReporter -->
<testsuite skipped="0" hostname="Dev21" name="TestSuite1.TC0001NewActivation" tests="1" failures="0" timestamp="04 Oct 2017 15:02:52 GMT" time="283.261" errors="0">
  <testcase name="tc0001NewActivation" time="283.261" classname="TestSuite1.TC0001NewActivation"/>
</testsuite> <!-- TestSuite1.TC0001NewActivation -->
