<?xml version="1.0" encoding="UTF-8"?>
<!-- Generated by org.testng.reporters.JUnitReportReporter -->
<testsuite skipped="0" hostname="Dev21" name="TestSuite1.TC0016DeactivateApprove" tests="1" failures="0" timestamp="04 Oct 2017 15:08:24 GMT" time="192.556" errors="0">
  <testcase name="tc0016DeactivateApprove" time="192.556" classname="TestSuite1.TC0016DeactivateApprove"/>
</testsuite> <!-- TestSuite1.TC0016DeactivateApprove -->
