<?xml version="1.0" encoding="UTF-8"?>
<!-- Generated by org.testng.reporters.JUnitReportReporter -->
<testsuite skipped="0" hostname="Dev21" name="TestSuite1.TC0022SuspendApprove" tests="1" failures="0" timestamp="04 Oct 2017 12:33:48 GMT" time="857.132" errors="0">
  <testcase name="tc0022SuspendApprove" time="857.132" classname="TestSuite1.TC0022SuspendApprove"/>
</testsuite> <!-- TestSuite1.TC0022SuspendApprove -->
