<?xml version="1.0" encoding="UTF-8"?>
<!-- Generated by org.testng.reporters.JUnitReportReporter -->
<testsuite skipped="0" hostname="Dev21" name="TestSuite1.TC0028UpdateFeaturesApprove" tests="1" failures="0" timestamp="04 Oct 2017 16:17:10 GMT" time="203.150" errors="0">
  <testcase name="tc0028Home" time="203.150" classname="TestSuite1.TC0028UpdateFeaturesApprove"/>
</testsuite> <!-- TestSuite1.TC0028UpdateFeaturesApprove -->
