<?xml version="1.0" encoding="UTF-8"?>
<!-- Generated by org.testng.reporters.JUnitReportReporter -->
<testsuite skipped="0" hostname="Dev21" name="TestSuite1.TC0018OrderAccessoriesApprove" tests="1" failures="0" timestamp="04 Oct 2017 15:21:34 GMT" time="199.380" errors="0">
  <testcase name="tc00018OrderAccessoriesApprove" time="199.380" classname="TestSuite1.TC0018OrderAccessoriesApprove"/>
</testsuite> <!-- TestSuite1.TC0018OrderAccessoriesApprove -->
