<?xml version="1.0" encoding="UTF-8"?>
<!-- Generated by org.testng.reporters.JUnitReportReporter -->
<testsuite skipped="0" hostname="Dev21" name="TestSuite1.TC0026UnsuspendApprove" tests="1" failures="0" timestamp="04 Oct 2017 14:51:58 GMT" time="169.078" errors="0">
  <testcase name="tc0026UnsuspendApprove" time="169.078" classname="TestSuite1.TC0026UnsuspendApprove"/>
</testsuite> <!-- TestSuite1.TC0026UnsuspendApprove -->
