<?xml version="1.0" encoding="UTF-8"?>
<!-- Generated by org.testng.reporters.JUnitReportReporter -->
<testsuite skipped="0" hostname="Dev21" name="TestSuite1.TC0021PortNumberReject" tests="1" failures="0" timestamp="04 Oct 2017 17:45:15 GMT" time="312.128" errors="0">
  <testcase name="tc0021PortNumberReject" time="312.128" classname="TestSuite1.TC0021PortNumberReject"/>
</testsuite> <!-- TestSuite1.TC0021PortNumberReject -->
