<?xml version="1.0" encoding="UTF-8"?>
<!-- Generated by org.testng.reporters.JUnitReportReporter -->
<testsuite skipped="0" hostname="Dev21" name="TestSuite1.TC0030UpgradeDeviceApprove" tests="1" failures="0" timestamp="17 Oct 2017 15:42:27 GMT" time="216.316" errors="0">
  <testcase name="tc0030UpgradeDeviceApprove" time="216.316" classname="TestSuite1.TC0030UpgradeDeviceApprove"/>
</testsuite> <!-- TestSuite1.TC0030UpgradeDeviceApprove -->
